# JRE version: OpenJDK Runtime Environment Temurin-21.0.9+10 (21.0.9+10) (build 21.0.9+10-LTS)
# Java VM: OpenJDK 64-Bit Server VM Temurin-21.0.9+10 (21.0.9+10-LTS, mixed mode, sharing, tiered, compressed oops, compressed class ptrs, parallel gc, windows-amd64)
GC Precious Log:
 CardTable entry size: 512
 CPUs: 16 total, 16 available
 Memory: 32690M
 Large Page Support: Disabled
 NUMA Support: Disabled
 Compressed Oops: Enabled (32-bit)
 Alignments: Space 512K, Generation 512K, Heap 2M
 Heap Min Capacity: 100M
 Heap Initial Capacity: 100M
 Heap Max Capacity: 2G
 Pre-touch: Disabled
 Parallel Workers: 13
Heap:
 PSYoungGen      total 11776K, used 11520K [0x00000000d5580000, 0x00000000d6880000, 0x0000000100000000)
  eden space 10240K, 100% used [0x00000000d5580000,0x00000000d5f80000,0x00000000d5f80000)
  from space 1536K, 83% used [0x00000000d6700000,0x00000000d6840010,0x00000000d6880000)
  to   space 2048K, 69% used [0x00000000d6480000,0x00000000d65e4410,0x00000000d6680000)
 ParOldGen       total 89088K, used 89084K [0x0000000080000000, 0x0000000085700000, 0x00000000d5580000)
  object space 89088K, 99% used [0x0000000080000000,0x00000000856ff2b8,0x0000000085700000)
 Metaspace       used 57415K, committed 58752K, reserved 1114112K
  class space    used 6716K, committed 7296K, reserved 1048576K
GC Heap History (20 events):
Event: 5.724 GC heap before
{Heap before GC invocations=43 (full 2):
 PSYoungGen      total 10752K, used 10656K [0x00000000d5580000, 0x00000000d6a00000, 0x0000000100000000)
  eden space 10240K, 100% used [0x00000000d5580000,0x00000000d5f80000,0x00000000d5f80000)
  from space 512K, 81% used [0x00000000d6980000,0x00000000d69e8000,0x00000000d6a00000)
  to   space 512K, 0% used [0x00000000d6900000,0x00000000d6900000,0x00000000d6980000)
 ParOldGen       total 71680K, used 71168K [0x0000000080000000, 0x0000000084600000, 0x00000000d5580000)
  object space 71680K, 99% used [0x0000000080000000,0x0000000084580230,0x0000000084600000)
 Metaspace       used 55254K, committed 56448K, reserved 1114112K
  class space    used 6483K, committed 6976K, reserved 1048576K
}
Event: 5.724 GC heap after
{Heap after GC invocations=43 (full 2):
 PSYoungGen      total 10752K, used 96K [0x00000000d5580000, 0x00000000d6a00000, 0x0000000100000000)
  eden space 10240K, 0% used [0x00000000d5580000,0x00000000d5580000,0x00000000d5f80000)
  from space 512K, 18% used [0x00000000d6900000,0x00000000d6918000,0x00000000d6980000)
  to   space 512K, 0% used [0x00000000d6980000,0x00000000d6980000,0x00000000d6a00000)
 ParOldGen       total 71680K, used 71376K [0x0000000080000000, 0x0000000084600000, 0x00000000d5580000)
  object space 71680K, 99% used [0x0000000080000000,0x00000000845b4230,0x0000000084600000)
 Metaspace       used 55254K, committed 56448K, reserved 1114112K
  class space    used 6483K, committed 6976K, reserved 1048576K
}
Event: 5.803 GC heap before
{Heap before GC invocations=44 (full 2):
 PSYoungGen      total 10752K, used 10336K [0x00000000d5580000, 0x00000000d6a00000, 0x0000000100000000)
  eden space 10240K, 100% used [0x00000000d5580000,0x00000000d5f80000,0x00000000d5f80000)
  from space 512K, 18% used [0x00000000d6900000,0x00000000d6918000,0x00000000d6980000)
  to   space 512K, 0% used [0x00000000d6980000,0x00000000d6980000,0x00000000d6a00000)
 ParOldGen       total 71680K, used 71376K [0x0000000080000000, 0x0000000084600000, 0x00000000d5580000)
  object space 71680K, 99% used [0x0000000080000000,0x00000000845b4230,0x0000000084600000)
 Metaspace       used 55254K, committed 56448K, reserved 1114112K
  class space    used 6483K, committed 6976K, reserved 1048576K
}
Event: 5.803 GC heap after
{Heap after GC invocations=44 (full 2):
 PSYoungGen      total 10752K, used 224K [0x00000000d5580000, 0x00000000d6a00000, 0x0000000100000000)
  eden space 10240K, 0% used [0x00000000d5580000,0x00000000d5580000,0x00000000d5f80000)
  from space 512K, 43% used [0x00000000d6980000,0x00000000d69b8000,0x00000000d6a00000)
  to   space 512K, 0% used [0x00000000d6900000,0x00000000d6900000,0x00000000d6980000)
 ParOldGen       total 71680K, used 71416K [0x0000000080000000, 0x0000000084600000, 0x00000000d5580000)
  object space 71680K, 99% used [0x0000000080000000,0x00000000845be230,0x0000000084600000)
 Metaspace       used 55254K, committed 56448K, reserved 1114112K
  class space    used 6483K, committed 6976K, reserved 1048576K
}
Event: 5.901 GC heap before
{Heap before GC invocations=45 (full 2):
 PSYoungGen      total 10752K, used 10464K [0x00000000d5580000, 0x00000000d6a00000, 0x0000000100000000)
  eden space 10240K, 100% used [0x00000000d5580000,0x00000000d5f80000,0x00000000d5f80000)
  from space 512K, 43% used [0x00000000d6980000,0x00000000d69b8000,0x00000000d6a00000)
  to   space 512K, 0% used [0x00000000d6900000,0x00000000d6900000,0x00000000d6980000)
 ParOldGen       total 71680K, used 71416K [0x0000000080000000, 0x0000000084600000, 0x00000000d5580000)
  object space 71680K, 99% used [0x0000000080000000,0x00000000845be230,0x0000000084600000)
 Metaspace       used 55257K, committed 56448K, reserved 1114112K
  class space    used 6484K, committed 6976K, reserved 1048576K
}
Event: 5.902 GC heap after
{Heap after GC invocations=45 (full 2):
 PSYoungGen      total 10752K, used 384K [0x00000000d5580000, 0x00000000d6a00000, 0x0000000100000000)
  eden space 10240K, 0% used [0x00000000d5580000,0x00000000d5580000,0x00000000d5f80000)
  from space 512K, 75% used [0x00000000d6900000,0x00000000d6960000,0x00000000d6980000)
  to   space 512K, 0% used [0x00000000d6980000,0x00000000d6980000,0x00000000d6a00000)
 ParOldGen       total 71680K, used 71416K [0x0000000080000000, 0x0000000084600000, 0x00000000d5580000)
  object space 71680K, 99% used [0x0000000080000000,0x00000000845be230,0x0000000084600000)
 Metaspace       used 55257K, committed 56448K, reserved 1114112K
  class space    used 6484K, committed 6976K, reserved 1048576K
}
Event: 5.987 GC heap before
{Heap before GC invocations=46 (full 2):
 PSYoungGen      total 10752K, used 10624K [0x00000000d5580000, 0x00000000d6a00000, 0x0000000100000000)
  eden space 10240K, 100% used [0x00000000d5580000,0x00000000d5f80000,0x00000000d5f80000)
  from space 512K, 75% used [0x00000000d6900000,0x00000000d6960000,0x00000000d6980000)
  to   space 512K, 0% used [0x00000000d6980000,0x00000000d6980000,0x00000000d6a00000)
 ParOldGen       total 71680K, used 71416K [0x0000000080000000, 0x0000000084600000, 0x00000000d5580000)
  object space 71680K, 99% used [0x0000000080000000,0x00000000845be230,0x0000000084600000)
 Metaspace       used 55257K, committed 56448K, reserved 1114112K
  class space    used 6484K, committed 6976K, reserved 1048576K
}
Event: 5.987 GC heap after
{Heap after GC invocations=46 (full 2):
 PSYoungGen      total 10752K, used 224K [0x00000000d5580000, 0x00000000d6a00000, 0x0000000100000000)
  eden space 10240K, 0% used [0x00000000d5580000,0x00000000d5580000,0x00000000d5f80000)
  from space 512K, 43% used [0x00000000d6980000,0x00000000d69b8000,0x00000000d6a00000)
  to   space 512K, 0% used [0x00000000d6900000,0x00000000d6900000,0x00000000d6980000)
 ParOldGen       total 71680K, used 71512K [0x0000000080000000, 0x0000000084600000, 0x00000000d5580000)
  object space 71680K, 99% used [0x0000000080000000,0x00000000845d6230,0x0000000084600000)
 Metaspace       used 55257K, committed 56448K, reserved 1114112K
  class space    used 6484K, committed 6976K, reserved 1048576K
}
Event: 6.071 GC heap before
{Heap before GC invocations=47 (full 2):
 PSYoungGen      total 10752K, used 10464K [0x00000000d5580000, 0x00000000d6a00000, 0x0000000100000000)
  eden space 10240K, 100% used [0x00000000d5580000,0x00000000d5f80000,0x00000000d5f80000)
  from space 512K, 43% used [0x00000000d6980000,0x00000000d69b8000,0x00000000d6a00000)
  to   space 512K, 0% used [0x00000000d6900000,0x00000000d6900000,0x00000000d6980000)
 ParOldGen       total 71680K, used 71512K [0x0000000080000000, 0x0000000084600000, 0x00000000d5580000)
  object space 71680K, 99% used [0x0000000080000000,0x00000000845d6230,0x0000000084600000)
 Metaspace       used 55257K, committed 56448K, reserved 1114112K
  class space    used 6484K, committed 6976K, reserved 1048576K
}
Event: 6.072 GC heap after
{Heap after GC invocations=47 (full 2):
 PSYoungGen      total 10752K, used 192K [0x00000000d5580000, 0x00000000d6a00000, 0x0000000100000000)
  eden space 10240K, 0% used [0x00000000d5580000,0x00000000d5580000,0x00000000d5f80000)
  from space 512K, 37% used [0x00000000d6900000,0x00000000d6930000,0x00000000d6980000)
  to   space 512K, 0% used [0x00000000d6980000,0x00000000d6980000,0x00000000d6a00000)
 ParOldGen       total 71680K, used 71568K [0x0000000080000000, 0x0000000084600000, 0x00000000d5580000)
  object space 71680K, 99% used [0x0000000080000000,0x00000000845e4230,0x0000000084600000)
 Metaspace       used 55257K, committed 56448K, reserved 1114112K
  class space    used 6484K, committed 6976K, reserved 1048576K
}
Event: 6.174 GC heap before
{Heap before GC invocations=48 (full 2):
 PSYoungGen      total 10752K, used 10432K [0x00000000d5580000, 0x00000000d6a00000, 0x0000000100000000)
  eden space 10240K, 100% used [0x00000000d5580000,0x00000000d5f80000,0x00000000d5f80000)
  from space 512K, 37% used [0x00000000d6900000,0x00000000d6930000,0x00000000d6980000)
  to   space 512K, 0% used [0x00000000d6980000,0x00000000d6980000,0x00000000d6a00000)
 ParOldGen       total 71680K, used 71568K [0x0000000080000000, 0x0000000084600000, 0x00000000d5580000)
  object space 71680K, 99% used [0x0000000080000000,0x00000000845e4230,0x0000000084600000)
 Metaspace       used 55752K, committed 56960K, reserved 1114112K
  class space    used 6542K, committed 7040K, reserved 1048576K
}
Event: 6.176 GC heap after
{Heap after GC invocations=48 (full 2):
 PSYoungGen      total 10752K, used 505K [0x00000000d5580000, 0x00000000d6a00000, 0x0000000100000000)
  eden space 10240K, 0% used [0x00000000d5580000,0x00000000d5580000,0x00000000d5f80000)
  from space 512K, 98% used [0x00000000d6980000,0x00000000d69fe5a0,0x00000000d6a00000)
  to   space 3072K, 0% used [0x00000000d6400000,0x00000000d6400000,0x00000000d6700000)
 ParOldGen       total 73728K, used 73714K [0x0000000080000000, 0x0000000084800000, 0x00000000d5580000)
  object space 73728K, 99% used [0x0000000080000000,0x00000000847fcb38,0x0000000084800000)
 Metaspace       used 55752K, committed 56960K, reserved 1114112K
  class space    used 6542K, committed 7040K, reserved 1048576K
}
Event: 6.188 GC heap before
{Heap before GC invocations=49 (full 2):
 PSYoungGen      total 10752K, used 10745K [0x00000000d5580000, 0x00000000d6a00000, 0x0000000100000000)
  eden space 10240K, 99% used [0x00000000d5580000,0x00000000d5f7ff08,0x00000000d5f80000)
  from space 512K, 98% used [0x00000000d6980000,0x00000000d69fe5a0,0x00000000d6a00000)
  to   space 3072K, 0% used [0x00000000d6400000,0x00000000d6400000,0x00000000d6700000)
 ParOldGen       total 73728K, used 73714K [0x0000000080000000, 0x0000000084800000, 0x00000000d5580000)
  object space 73728K, 99% used [0x0000000080000000,0x00000000847fcb38,0x0000000084800000)
 Metaspace       used 55990K, committed 57280K, reserved 1114112K
  class space    used 6567K, committed 7168K, reserved 1048576K
}
Event: 6.191 GC heap after
{Heap after GC invocations=49 (full 2):
 PSYoungGen      total 13312K, used 3072K [0x00000000d5580000, 0x00000000d7380000, 0x0000000100000000)
  eden space 10240K, 0% used [0x00000000d5580000,0x00000000d5580000,0x00000000d5f80000)
  from space 3072K, 100% used [0x00000000d6400000,0x00000000d6700000,0x00000000d6700000)
  to   space 10240K, 0% used [0x00000000d6980000,0x00000000d6980000,0x00000000d7380000)
 ParOldGen       total 79872K, used 79557K [0x0000000080000000, 0x0000000084e00000, 0x00000000d5580000)
  object space 79872K, 99% used [0x0000000080000000,0x0000000084db17f0,0x0000000084e00000)
 Metaspace       used 55990K, committed 57280K, reserved 1114112K
  class space    used 6567K, committed 7168K, reserved 1048576K
}
Event: 6.248 GC heap before
{Heap before GC invocations=50 (full 2):
 PSYoungGen      total 13312K, used 13312K [0x00000000d5580000, 0x00000000d7380000, 0x0000000100000000)
  eden space 10240K, 100% used [0x00000000d5580000,0x00000000d5f80000,0x00000000d5f80000)
  from space 3072K, 100% used [0x00000000d6400000,0x00000000d6700000,0x00000000d6700000)
  to   space 10240K, 0% used [0x00000000d6980000,0x00000000d6980000,0x00000000d7380000)
 ParOldGen       total 79872K, used 79557K [0x0000000080000000, 0x0000000084e00000, 0x00000000d5580000)
  object space 79872K, 99% used [0x0000000080000000,0x0000000084db17f0,0x0000000084e00000)
 Metaspace       used 56769K, committed 58112K, reserved 1114112K
  class space    used 6642K, committed 7232K, reserved 1048576K
}
Event: 6.250 GC heap after
{Heap after GC invocations=50 (full 2):
 PSYoungGen      total 15360K, used 5024K [0x00000000d5580000, 0x00000000d6e80000, 0x0000000100000000)
  eden space 10240K, 0% used [0x00000000d5580000,0x00000000d5580000,0x00000000d5f80000)
  from space 5120K, 98% used [0x00000000d6980000,0x00000000d6e68000,0x00000000d6e80000)
  to   space 6656K, 0% used [0x00000000d6180000,0x00000000d6180000,0x00000000d6800000)
 ParOldGen       total 82944K, used 82701K [0x0000000080000000, 0x0000000085100000, 0x00000000d5580000)
  object space 82944K, 99% used [0x0000000080000000,0x00000000850c37f0,0x0000000085100000)
 Metaspace       used 56769K, committed 58112K, reserved 1114112K
  class space    used 6642K, committed 7232K, reserved 1048576K
}
Event: 6.301 GC heap before
{Heap before GC invocations=51 (full 2):
 PSYoungGen      total 15360K, used 15264K [0x00000000d5580000, 0x00000000d6e80000, 0x0000000100000000)
  eden space 10240K, 100% used [0x00000000d5580000,0x00000000d5f80000,0x00000000d5f80000)
  from space 5120K, 98% used [0x00000000d6980000,0x00000000d6e68000,0x00000000d6e80000)
  to   space 6656K, 0% used [0x00000000d6180000,0x00000000d6180000,0x00000000d6800000)
 ParOldGen       total 82944K, used 82701K [0x0000000080000000, 0x0000000085100000, 0x00000000d5580000)
  object space 82944K, 99% used [0x0000000080000000,0x00000000850c37f0,0x0000000085100000)
 Metaspace       used 57034K, committed 58432K, reserved 1114112K
  class space    used 6655K, committed 7296K, reserved 1048576K
}
Event: 6.303 GC heap after
{Heap after GC invocations=51 (full 2):
 PSYoungGen      total 11776K, used 1280K [0x00000000d5580000, 0x00000000d6a00000, 0x0000000100000000)
  eden space 10240K, 0% used [0x00000000d5580000,0x00000000d5580000,0x00000000d5f80000)
  from space 1536K, 83% used [0x00000000d6180000,0x00000000d62c0030,0x00000000d6300000)
  to   space 3072K, 0% used [0x00000000d6700000,0x00000000d6700000,0x00000000d6a00000)
 ParOldGen       total 88064K, used 87591K [0x0000000080000000, 0x0000000085600000, 0x00000000d5580000)
  object space 88064K, 99% used [0x0000000080000000,0x0000000085589f30,0x0000000085600000)
 Metaspace       used 57034K, committed 58432K, reserved 1114112K
  class space    used 6655K, committed 7296K, reserved 1048576K
}
Event: 6.324 GC heap before
{Heap before GC invocations=52 (full 2):
 PSYoungGen      total 11776K, used 11520K [0x00000000d5580000, 0x00000000d6a00000, 0x0000000100000000)
  eden space 10240K, 100% used [0x00000000d5580000,0x00000000d5f80000,0x00000000d5f80000)
  from space 1536K, 83% used [0x00000000d6180000,0x00000000d62c0030,0x00000000d6300000)
  to   space 3072K, 0% used [0x00000000d6700000,0x00000000d6700000,0x00000000d6a00000)
 ParOldGen       total 88064K, used 87591K [0x0000000080000000, 0x0000000085600000, 0x00000000d5580000)
  object space 88064K, 99% used [0x0000000080000000,0x0000000085589f30,0x0000000085600000)
 Metaspace       used 57042K, committed 58432K, reserved 1114112K
  class space    used 6655K, committed 7296K, reserved 1048576K
}
Event: 6.325 GC heap after
{Heap after GC invocations=52 (full 2):
 PSYoungGen      total 11776K, used 1280K [0x00000000d5580000, 0x00000000d6880000, 0x0000000100000000)
  eden space 10240K, 0% used [0x00000000d5580000,0x00000000d5580000,0x00000000d5f80000)
  from space 1536K, 83% used [0x00000000d6700000,0x00000000d6840010,0x00000000d6880000)
  to   space 2048K, 0% used [0x00000000d6480000,0x00000000d6480000,0x00000000d6680000)
 ParOldGen       total 89088K, used 88716K [0x0000000080000000, 0x0000000085700000, 0x00000000d5580000)
  object space 89088K, 99% used [0x0000000080000000,0x00000000856a32b8,0x0000000085700000)
 Metaspace       used 57042K, committed 58432K, reserved 1114112K
  class space    used 6655K, committed 7296K, reserved 1048576K
}

