# JRE version: OpenJDK Runtime Environment Temurin-21.0.10+7 (21.0.10+7) (build 21.0.10+7-LTS)
# Java VM: OpenJDK 64-Bit Server VM Temurin-21.0.10+7 (21.0.10+7-LTS, mixed mode, sharing, tiered, compressed oops, compressed class ptrs, parallel gc, windows-amd64)
GC Precious Log:
 CardTable entry size: 512
 CPUs: 16 total, 16 available
 Memory: 32690M
 Large Page Support: Disabled
 NUMA Support: Disabled
 Compressed Oops: Enabled (32-bit)
 Alignments: Space 512K, Generation 512K, Heap 2M
 Heap Min Capacity: 100M
 Heap Initial Capacity: 100M
 Heap Max Capacity: 2G
 Pre-touch: Disabled
 Parallel Workers: 13
Heap:
 PSYoungGen      total 19968K, used 15936K [0x00000000d5580000, 0x00000000d6b00000, 0x0000000100000000)
  eden space 18432K, 79% used [0x00000000d5580000,0x00000000d63bb350,0x00000000d6780000)
  from space 1536K, 88% used [0x00000000d6980000,0x00000000d6ad4e70,0x00000000d6b00000)
  to   space 1536K, 0% used [0x00000000d6780000,0x00000000d6780000,0x00000000d6900000)
 ParOldGen       total 68608K, used 30901K [0x0000000080000000, 0x0000000084300000, 0x00000000d5580000)
  object space 68608K, 45% used [0x0000000080000000,0x0000000081e2d528,0x0000000084300000)
 Metaspace       used 50754K, committed 51840K, reserved 1114112K
  class space    used 5502K, committed 5952K, reserved 1048576K
GC Heap History (20 events):
Event: 16.850 GC heap before
{Heap before GC invocations=19 (full 2):
 PSYoungGen      total 20992K, used 352K [0x00000000d5580000, 0x00000000d6c00000, 0x0000000100000000)
  eden space 20480K, 0% used [0x00000000d5580000,0x00000000d5580000,0x00000000d6980000)
  from space 512K, 68% used [0x00000000d6980000,0x00000000d69d8000,0x00000000d6a00000)
  to   space 1024K, 0% used [0x00000000d6b00000,0x00000000d6b00000,0x00000000d6c00000)
 ParOldGen       total 68608K, used 24028K [0x0000000080000000, 0x0000000084300000, 0x00000000d5580000)
  object space 68608K, 35% used [0x0000000080000000,0x0000000081777248,0x0000000084300000)
 Metaspace       used 34799K, committed 35840K, reserved 1114112K
  class space    used 3450K, committed 3840K, reserved 1048576K
}
Event: 16.899 GC heap after
{Heap after GC invocations=19 (full 2):
 PSYoungGen      total 20992K, used 0K [0x00000000d5580000, 0x00000000d6c00000, 0x0000000100000000)
  eden space 20480K, 0% used [0x00000000d5580000,0x00000000d5580000,0x00000000d6980000)
  from space 512K, 0% used [0x00000000d6980000,0x00000000d6980000,0x00000000d6a00000)
  to   space 1024K, 0% used [0x00000000d6b00000,0x00000000d6b00000,0x00000000d6c00000)
 ParOldGen       total 68608K, used 22658K [0x0000000080000000, 0x0000000084300000, 0x00000000d5580000)
  object space 68608K, 33% used [0x0000000080000000,0x0000000081620bd0,0x0000000084300000)
 Metaspace       used 34791K, committed 35840K, reserved 1114112K
  class space    used 3447K, committed 3840K, reserved 1048576K
}
Event: 16.991 GC heap before
{Heap before GC invocations=20 (full 2):
 PSYoungGen      total 20992K, used 20480K [0x00000000d5580000, 0x00000000d6c00000, 0x0000000100000000)
  eden space 20480K, 100% used [0x00000000d5580000,0x00000000d6980000,0x00000000d6980000)
  from space 512K, 0% used [0x00000000d6980000,0x00000000d6980000,0x00000000d6a00000)
  to   space 1024K, 0% used [0x00000000d6b00000,0x00000000d6b00000,0x00000000d6c00000)
 ParOldGen       total 68608K, used 22658K [0x0000000080000000, 0x0000000084300000, 0x00000000d5580000)
  object space 68608K, 33% used [0x0000000080000000,0x0000000081620bd0,0x0000000084300000)
 Metaspace       used 35899K, committed 37056K, reserved 1114112K
  class space    used 3570K, committed 4032K, reserved 1048576K
}
Event: 16.992 GC heap after
{Heap after GC invocations=20 (full 2):
 PSYoungGen      total 20992K, used 1024K [0x00000000d5580000, 0x00000000d6d80000, 0x0000000100000000)
  eden space 19968K, 0% used [0x00000000d5580000,0x00000000d5580000,0x00000000d6900000)
  from space 1024K, 100% used [0x00000000d6b00000,0x00000000d6c00000,0x00000000d6c00000)
  to   space 2048K, 0% used [0x00000000d6900000,0x00000000d6900000,0x00000000d6b00000)
 ParOldGen       total 68608K, used 23130K [0x0000000080000000, 0x0000000084300000, 0x00000000d5580000)
  object space 68608K, 33% used [0x0000000080000000,0x0000000081696bd0,0x0000000084300000)
 Metaspace       used 35899K, committed 37056K, reserved 1114112K
  class space    used 3570K, committed 4032K, reserved 1048576K
}
Event: 17.085 GC heap before
{Heap before GC invocations=21 (full 2):
 PSYoungGen      total 20992K, used 20992K [0x00000000d5580000, 0x00000000d6d80000, 0x0000000100000000)
  eden space 19968K, 100% used [0x00000000d5580000,0x00000000d6900000,0x00000000d6900000)
  from space 1024K, 100% used [0x00000000d6b00000,0x00000000d6c00000,0x00000000d6c00000)
  to   space 2048K, 0% used [0x00000000d6900000,0x00000000d6900000,0x00000000d6b00000)
 ParOldGen       total 68608K, used 23130K [0x0000000080000000, 0x0000000084300000, 0x00000000d5580000)
  object space 68608K, 33% used [0x0000000080000000,0x0000000081696bd0,0x0000000084300000)
 Metaspace       used 37858K, committed 38912K, reserved 1114112K
  class space    used 3831K, committed 4288K, reserved 1048576K
}
Event: 17.089 GC heap after
{Heap after GC invocations=21 (full 2):
 PSYoungGen      total 20992K, used 960K [0x00000000d5580000, 0x00000000d6c00000, 0x0000000100000000)
  eden space 19968K, 0% used [0x00000000d5580000,0x00000000d5580000,0x00000000d6900000)
  from space 1024K, 93% used [0x00000000d6900000,0x00000000d69f0000,0x00000000d6a00000)
  to   space 1536K, 0% used [0x00000000d6a80000,0x00000000d6a80000,0x00000000d6c00000)
 ParOldGen       total 68608K, used 24178K [0x0000000080000000, 0x0000000084300000, 0x00000000d5580000)
  object space 68608K, 35% used [0x0000000080000000,0x000000008179cbd0,0x0000000084300000)
 Metaspace       used 37858K, committed 38912K, reserved 1114112K
  class space    used 3831K, committed 4288K, reserved 1048576K
}
Event: 17.219 GC heap before
{Heap before GC invocations=22 (full 2):
 PSYoungGen      total 20992K, used 20928K [0x00000000d5580000, 0x00000000d6c00000, 0x0000000100000000)
  eden space 19968K, 100% used [0x00000000d5580000,0x00000000d6900000,0x00000000d6900000)
  from space 1024K, 93% used [0x00000000d6900000,0x00000000d69f0000,0x00000000d6a00000)
  to   space 1536K, 0% used [0x00000000d6a80000,0x00000000d6a80000,0x00000000d6c00000)
 ParOldGen       total 68608K, used 24178K [0x0000000080000000, 0x0000000084300000, 0x00000000d5580000)
  object space 68608K, 35% used [0x0000000080000000,0x000000008179cbd0,0x0000000084300000)
 Metaspace       used 39478K, committed 40640K, reserved 1114112K
  class space    used 4048K, committed 4544K, reserved 1048576K
}
Event: 17.220 GC heap after
{Heap after GC invocations=22 (full 2):
 PSYoungGen      total 20992K, used 909K [0x00000000d5580000, 0x00000000d6b80000, 0x0000000100000000)
  eden space 19968K, 0% used [0x00000000d5580000,0x00000000d5580000,0x00000000d6900000)
  from space 1024K, 88% used [0x00000000d6a80000,0x00000000d6b63610,0x00000000d6b80000)
  to   space 1024K, 0% used [0x00000000d6900000,0x00000000d6900000,0x00000000d6a00000)
 ParOldGen       total 68608K, used 24770K [0x0000000080000000, 0x0000000084300000, 0x00000000d5580000)
  object space 68608K, 36% used [0x0000000080000000,0x0000000081830bf0,0x0000000084300000)
 Metaspace       used 39478K, committed 40640K, reserved 1114112K
  class space    used 4048K, committed 4544K, reserved 1048576K
}
Event: 17.358 GC heap before
{Heap before GC invocations=23 (full 2):
 PSYoungGen      total 20992K, used 20877K [0x00000000d5580000, 0x00000000d6b80000, 0x0000000100000000)
  eden space 19968K, 100% used [0x00000000d5580000,0x00000000d6900000,0x00000000d6900000)
  from space 1024K, 88% used [0x00000000d6a80000,0x00000000d6b63610,0x00000000d6b80000)
  to   space 1024K, 0% used [0x00000000d6900000,0x00000000d6900000,0x00000000d6a00000)
 ParOldGen       total 68608K, used 24770K [0x0000000080000000, 0x0000000084300000, 0x00000000d5580000)
  object space 68608K, 36% used [0x0000000080000000,0x0000000081830bf0,0x0000000084300000)
 Metaspace       used 41490K, committed 42624K, reserved 1114112K
  class space    used 4313K, committed 4800K, reserved 1048576K
}
Event: 17.360 GC heap after
{Heap after GC invocations=23 (full 2):
 PSYoungGen      total 20992K, used 1017K [0x00000000d5580000, 0x00000000d6d00000, 0x0000000100000000)
  eden space 19968K, 0% used [0x00000000d5580000,0x00000000d5580000,0x00000000d6900000)
  from space 1024K, 99% used [0x00000000d6900000,0x00000000d69fe470,0x00000000d6a00000)
  to   space 2048K, 0% used [0x00000000d6b00000,0x00000000d6b00000,0x00000000d6d00000)
 ParOldGen       total 68608K, used 25563K [0x0000000080000000, 0x0000000084300000, 0x00000000d5580000)
  object space 68608K, 37% used [0x0000000080000000,0x00000000818f6df8,0x0000000084300000)
 Metaspace       used 41490K, committed 42624K, reserved 1114112K
  class space    used 4313K, committed 4800K, reserved 1048576K
}
Event: 17.516 GC heap before
{Heap before GC invocations=24 (full 2):
 PSYoungGen      total 20992K, used 20985K [0x00000000d5580000, 0x00000000d6d00000, 0x0000000100000000)
  eden space 19968K, 100% used [0x00000000d5580000,0x00000000d6900000,0x00000000d6900000)
  from space 1024K, 99% used [0x00000000d6900000,0x00000000d69fe470,0x00000000d6a00000)
  to   space 2048K, 0% used [0x00000000d6b00000,0x00000000d6b00000,0x00000000d6d00000)
 ParOldGen       total 68608K, used 25563K [0x0000000080000000, 0x0000000084300000, 0x00000000d5580000)
  object space 68608K, 37% used [0x0000000080000000,0x00000000818f6df8,0x0000000084300000)
 Metaspace       used 42969K, committed 44032K, reserved 1114112K
  class space    used 4494K, committed 4928K, reserved 1048576K
}
Event: 17.518 GC heap after
{Heap after GC invocations=24 (full 2):
 PSYoungGen      total 22016K, used 1517K [0x00000000d5580000, 0x00000000d6d00000, 0x0000000100000000)
  eden space 19968K, 0% used [0x00000000d5580000,0x00000000d5580000,0x00000000d6900000)
  from space 2048K, 74% used [0x00000000d6b00000,0x00000000d6c7b510,0x00000000d6d00000)
  to   space 2048K, 0% used [0x00000000d6900000,0x00000000d6900000,0x00000000d6b00000)
 ParOldGen       total 68608K, used 26439K [0x0000000080000000, 0x0000000084300000, 0x00000000d5580000)
  object space 68608K, 38% used [0x0000000080000000,0x00000000819d1c28,0x0000000084300000)
 Metaspace       used 42969K, committed 44032K, reserved 1114112K
  class space    used 4494K, committed 4928K, reserved 1048576K
}
Event: 17.702 GC heap before
{Heap before GC invocations=25 (full 2):
 PSYoungGen      total 22016K, used 21485K [0x00000000d5580000, 0x00000000d6d00000, 0x0000000100000000)
  eden space 19968K, 100% used [0x00000000d5580000,0x00000000d6900000,0x00000000d6900000)
  from space 2048K, 74% used [0x00000000d6b00000,0x00000000d6c7b510,0x00000000d6d00000)
  to   space 2048K, 0% used [0x00000000d6900000,0x00000000d6900000,0x00000000d6b00000)
 ParOldGen       total 68608K, used 26439K [0x0000000080000000, 0x0000000084300000, 0x00000000d5580000)
  object space 68608K, 38% used [0x0000000080000000,0x00000000819d1c28,0x0000000084300000)
 Metaspace       used 44452K, committed 45568K, reserved 1114112K
  class space    used 4671K, committed 5120K, reserved 1048576K
}
Event: 17.704 GC heap after
{Heap after GC invocations=25 (full 2):
 PSYoungGen      total 21504K, used 1184K [0x00000000d5580000, 0x00000000d6c00000, 0x0000000100000000)
  eden space 19968K, 0% used [0x00000000d5580000,0x00000000d5580000,0x00000000d6900000)
  from space 1536K, 77% used [0x00000000d6900000,0x00000000d6a28000,0x00000000d6a80000)
  to   space 1536K, 0% used [0x00000000d6a80000,0x00000000d6a80000,0x00000000d6c00000)
 ParOldGen       total 68608K, used 27628K [0x0000000080000000, 0x0000000084300000, 0x00000000d5580000)
  object space 68608K, 40% used [0x0000000080000000,0x0000000081afb138,0x0000000084300000)
 Metaspace       used 44452K, committed 45568K, reserved 1114112K
  class space    used 4671K, committed 5120K, reserved 1048576K
}
Event: 17.919 GC heap before
{Heap before GC invocations=26 (full 2):
 PSYoungGen      total 21504K, used 21152K [0x00000000d5580000, 0x00000000d6c00000, 0x0000000100000000)
  eden space 19968K, 100% used [0x00000000d5580000,0x00000000d6900000,0x00000000d6900000)
  from space 1536K, 77% used [0x00000000d6900000,0x00000000d6a28000,0x00000000d6a80000)
  to   space 1536K, 0% used [0x00000000d6a80000,0x00000000d6a80000,0x00000000d6c00000)
 ParOldGen       total 68608K, used 27628K [0x0000000080000000, 0x0000000084300000, 0x00000000d5580000)
  object space 68608K, 40% used [0x0000000080000000,0x0000000081afb138,0x0000000084300000)
 Metaspace       used 46272K, committed 47360K, reserved 1114112K
  class space    used 4912K, committed 5376K, reserved 1048576K
}
Event: 17.924 GC heap after
{Heap after GC invocations=26 (full 2):
 PSYoungGen      total 19968K, used 1520K [0x00000000d5580000, 0x00000000d6f00000, 0x0000000100000000)
  eden space 18432K, 0% used [0x00000000d5580000,0x00000000d5580000,0x00000000d6780000)
  from space 1536K, 98% used [0x00000000d6a80000,0x00000000d6bfc030,0x00000000d6c00000)
  to   space 3072K, 0% used [0x00000000d6780000,0x00000000d6780000,0x00000000d6a80000)
 ParOldGen       total 68608K, used 28601K [0x0000000080000000, 0x0000000084300000, 0x00000000d5580000)
  object space 68608K, 41% used [0x0000000080000000,0x0000000081bee4c0,0x0000000084300000)
 Metaspace       used 46272K, committed 47360K, reserved 1114112K
  class space    used 4912K, committed 5376K, reserved 1048576K
}
Event: 18.189 GC heap before
{Heap before GC invocations=27 (full 2):
 PSYoungGen      total 19968K, used 19952K [0x00000000d5580000, 0x00000000d6f00000, 0x0000000100000000)
  eden space 18432K, 100% used [0x00000000d5580000,0x00000000d6780000,0x00000000d6780000)
  from space 1536K, 98% used [0x00000000d6a80000,0x00000000d6bfc030,0x00000000d6c00000)
  to   space 3072K, 0% used [0x00000000d6780000,0x00000000d6780000,0x00000000d6a80000)
 ParOldGen       total 68608K, used 28601K [0x0000000080000000, 0x0000000084300000, 0x00000000d5580000)
  object space 68608K, 41% used [0x0000000080000000,0x0000000081bee4c0,0x0000000084300000)
 Metaspace       used 47975K, committed 49152K, reserved 1114112K
  class space    used 5135K, committed 5632K, reserved 1048576K
}
Event: 18.191 GC heap after
{Heap after GC invocations=27 (full 2):
 PSYoungGen      total 19968K, used 1152K [0x00000000d5580000, 0x00000000d6b80000, 0x0000000100000000)
  eden space 18432K, 0% used [0x00000000d5580000,0x00000000d5580000,0x00000000d6780000)
  from space 1536K, 75% used [0x00000000d6780000,0x00000000d68a0000,0x00000000d6900000)
  to   space 2048K, 0% used [0x00000000d6980000,0x00000000d6980000,0x00000000d6b80000)
 ParOldGen       total 68608K, used 30137K [0x0000000080000000, 0x0000000084300000, 0x00000000d5580000)
  object space 68608K, 43% used [0x0000000080000000,0x0000000081d6e518,0x0000000084300000)
 Metaspace       used 47975K, committed 49152K, reserved 1114112K
  class space    used 5135K, committed 5632K, reserved 1048576K
}
Event: 18.472 GC heap before
{Heap before GC invocations=28 (full 2):
 PSYoungGen      total 19968K, used 19584K [0x00000000d5580000, 0x00000000d6b80000, 0x0000000100000000)
  eden space 18432K, 100% used [0x00000000d5580000,0x00000000d6780000,0x00000000d6780000)
  from space 1536K, 75% used [0x00000000d6780000,0x00000000d68a0000,0x00000000d6900000)
  to   space 2048K, 0% used [0x00000000d6980000,0x00000000d6980000,0x00000000d6b80000)
 ParOldGen       total 68608K, used 30137K [0x0000000080000000, 0x0000000084300000, 0x00000000d5580000)
  object space 68608K, 43% used [0x0000000080000000,0x0000000081d6e518,0x0000000084300000)
 Metaspace       used 49787K, committed 50944K, reserved 1114112K
  class space    used 5384K, committed 5888K, reserved 1048576K
}
Event: 18.474 GC heap after
{Heap after GC invocations=28 (full 2):
 PSYoungGen      total 19968K, used 1363K [0x00000000d5580000, 0x00000000d6b00000, 0x0000000100000000)
  eden space 18432K, 0% used [0x00000000d5580000,0x00000000d5580000,0x00000000d6780000)
  from space 1536K, 88% used [0x00000000d6980000,0x00000000d6ad4e70,0x00000000d6b00000)
  to   space 1536K, 0% used [0x00000000d6780000,0x00000000d6780000,0x00000000d6900000)
 ParOldGen       total 68608K, used 30901K [0x0000000080000000, 0x0000000084300000, 0x00000000d5580000)
  object space 68608K, 45% used [0x0000000080000000,0x0000000081e2d528,0x0000000084300000)
 Metaspace       used 49787K, committed 50944K, reserved 1114112K
  class space    used 5384K, committed 5888K, reserved 1048576K
}

