# JRE version: OpenJDK Runtime Environment Temurin-21.0.9+10 (21.0.9+10) (build 21.0.9+10-LTS)
# Java VM: OpenJDK 64-Bit Server VM Temurin-21.0.9+10 (21.0.9+10-LTS, mixed mode, sharing, tiered, compressed oops, compressed class ptrs, parallel gc, windows-amd64)
GC Precious Log:
 CardTable entry size: 512
 CPUs: 16 total, 16 available
 Memory: 32690M
 Large Page Support: Disabled
 NUMA Support: Disabled
 Compressed Oops: Enabled (32-bit)
 Alignments: Space 512K, Generation 512K, Heap 2M
 Heap Min Capacity: 100M
 Heap Initial Capacity: 100M
 Heap Max Capacity: 2G
 Pre-touch: Disabled
 Parallel Workers: 13
Heap:
 PSYoungGen      total 8704K, used 1048K [0x00000000d5580000, 0x00000000d5f80000, 0x0000000100000000)
  eden space 8192K, 6% used [0x00000000d5580000,0x00000000d5606218,0x00000000d5d80000)
  from space 512K, 100% used [0x00000000d5e80000,0x00000000d5f00000,0x00000000d5f00000)
  to   space 1024K, 0% used [0x00000000d5d80000,0x00000000d5d80000,0x00000000d5e80000)
 ParOldGen       total 113152K, used 78321K [0x0000000080000000, 0x0000000086e80000, 0x00000000d5580000)
  object space 113152K, 69% used [0x0000000080000000,0x0000000084c7c538,0x0000000086e80000)
 Metaspace       used 58897K, committed 60288K, reserved 1114112K
  class space    used 6814K, committed 7424K, reserved 1048576K
GC Heap History (20 events):
Event: 6.436 GC heap before
{Heap before GC invocations=76 (full 2):
 PSYoungGen      total 9216K, used 9056K [0x00000000d5580000, 0x00000000d5f80000, 0x0000000100000000)
  eden space 8192K, 100% used [0x00000000d5580000,0x00000000d5d80000,0x00000000d5d80000)
  from space 1024K, 84% used [0x00000000d5d80000,0x00000000d5e58000,0x00000000d5e80000)
  to   space 1024K, 0% used [0x00000000d5e80000,0x00000000d5e80000,0x00000000d5f80000)
 ParOldGen       total 108544K, used 108177K [0x0000000080000000, 0x0000000086a00000, 0x00000000d5580000)
  object space 108544K, 99% used [0x0000000080000000,0x00000000869a4790,0x0000000086a00000)
 Metaspace       used 58151K, committed 59456K, reserved 1114112K
  class space    used 6769K, committed 7296K, reserved 1048576K
}
Event: 6.437 GC heap after
{Heap after GC invocations=76 (full 2):
 PSYoungGen      total 9216K, used 896K [0x00000000d5580000, 0x00000000d5f80000, 0x0000000100000000)
  eden space 8192K, 0% used [0x00000000d5580000,0x00000000d5580000,0x00000000d5d80000)
  from space 1024K, 87% used [0x00000000d5e80000,0x00000000d5f60000,0x00000000d5f80000)
  to   space 1024K, 0% used [0x00000000d5d80000,0x00000000d5d80000,0x00000000d5e80000)
 ParOldGen       total 109056K, used 108729K [0x0000000080000000, 0x0000000086a80000, 0x00000000d5580000)
  object space 109056K, 99% used [0x0000000080000000,0x0000000086a2e790,0x0000000086a80000)
 Metaspace       used 58151K, committed 59456K, reserved 1114112K
  class space    used 6769K, committed 7296K, reserved 1048576K
}
Event: 6.448 GC heap before
{Heap before GC invocations=77 (full 2):
 PSYoungGen      total 9216K, used 9088K [0x00000000d5580000, 0x00000000d5f80000, 0x0000000100000000)
  eden space 8192K, 100% used [0x00000000d5580000,0x00000000d5d80000,0x00000000d5d80000)
  from space 1024K, 87% used [0x00000000d5e80000,0x00000000d5f60000,0x00000000d5f80000)
  to   space 1024K, 0% used [0x00000000d5d80000,0x00000000d5d80000,0x00000000d5e80000)
 ParOldGen       total 109056K, used 108729K [0x0000000080000000, 0x0000000086a80000, 0x00000000d5580000)
  object space 109056K, 99% used [0x0000000080000000,0x0000000086a2e790,0x0000000086a80000)
 Metaspace       used 58152K, committed 59456K, reserved 1114112K
  class space    used 6769K, committed 7296K, reserved 1048576K
}
Event: 6.448 GC heap after
{Heap after GC invocations=77 (full 2):
 PSYoungGen      total 9216K, used 768K [0x00000000d5580000, 0x00000000d5f80000, 0x0000000100000000)
  eden space 8192K, 0% used [0x00000000d5580000,0x00000000d5580000,0x00000000d5d80000)
  from space 1024K, 75% used [0x00000000d5d80000,0x00000000d5e40000,0x00000000d5e80000)
  to   space 1024K, 0% used [0x00000000d5e80000,0x00000000d5e80000,0x00000000d5f80000)
 ParOldGen       total 109568K, used 109305K [0x0000000080000000, 0x0000000086b00000, 0x00000000d5580000)
  object space 109568K, 99% used [0x0000000080000000,0x0000000086abe790,0x0000000086b00000)
 Metaspace       used 58152K, committed 59456K, reserved 1114112K
  class space    used 6769K, committed 7296K, reserved 1048576K
}
Event: 6.467 GC heap before
{Heap before GC invocations=78 (full 2):
 PSYoungGen      total 9216K, used 8960K [0x00000000d5580000, 0x00000000d5f80000, 0x0000000100000000)
  eden space 8192K, 100% used [0x00000000d5580000,0x00000000d5d80000,0x00000000d5d80000)
  from space 1024K, 75% used [0x00000000d5d80000,0x00000000d5e40000,0x00000000d5e80000)
  to   space 1024K, 0% used [0x00000000d5e80000,0x00000000d5e80000,0x00000000d5f80000)
 ParOldGen       total 109568K, used 109305K [0x0000000080000000, 0x0000000086b00000, 0x00000000d5580000)
  object space 109568K, 99% used [0x0000000080000000,0x0000000086abe790,0x0000000086b00000)
 Metaspace       used 58162K, committed 59456K, reserved 1114112K
  class space    used 6769K, committed 7296K, reserved 1048576K
}
Event: 6.468 GC heap after
{Heap after GC invocations=78 (full 2):
 PSYoungGen      total 9216K, used 960K [0x00000000d5580000, 0x00000000d5f80000, 0x0000000100000000)
  eden space 8192K, 0% used [0x00000000d5580000,0x00000000d5580000,0x00000000d5d80000)
  from space 1024K, 93% used [0x00000000d5e80000,0x00000000d5f70010,0x00000000d5f80000)
  to   space 1024K, 0% used [0x00000000d5d80000,0x00000000d5d80000,0x00000000d5e80000)
 ParOldGen       total 110080K, used 109918K [0x0000000080000000, 0x0000000086b80000, 0x00000000d5580000)
  object space 110080K, 99% used [0x0000000080000000,0x0000000086b57808,0x0000000086b80000)
 Metaspace       used 58162K, committed 59456K, reserved 1114112K
  class space    used 6769K, committed 7296K, reserved 1048576K
}
Event: 6.485 GC heap before
{Heap before GC invocations=79 (full 2):
 PSYoungGen      total 9216K, used 9152K [0x00000000d5580000, 0x00000000d5f80000, 0x0000000100000000)
  eden space 8192K, 100% used [0x00000000d5580000,0x00000000d5d80000,0x00000000d5d80000)
  from space 1024K, 93% used [0x00000000d5e80000,0x00000000d5f70010,0x00000000d5f80000)
  to   space 1024K, 0% used [0x00000000d5d80000,0x00000000d5d80000,0x00000000d5e80000)
 ParOldGen       total 110080K, used 109918K [0x0000000080000000, 0x0000000086b80000, 0x00000000d5580000)
  object space 110080K, 99% used [0x0000000080000000,0x0000000086b57808,0x0000000086b80000)
 Metaspace       used 58164K, committed 59456K, reserved 1114112K
  class space    used 6769K, committed 7296K, reserved 1048576K
}
Event: 6.486 GC heap after
{Heap after GC invocations=79 (full 2):
 PSYoungGen      total 9216K, used 704K [0x00000000d5580000, 0x00000000d5f80000, 0x0000000100000000)
  eden space 8192K, 0% used [0x00000000d5580000,0x00000000d5580000,0x00000000d5d80000)
  from space 1024K, 68% used [0x00000000d5d80000,0x00000000d5e30000,0x00000000d5e80000)
  to   space 1024K, 0% used [0x00000000d5e80000,0x00000000d5e80000,0x00000000d5f80000)
 ParOldGen       total 111104K, used 110710K [0x0000000080000000, 0x0000000086c80000, 0x00000000d5580000)
  object space 111104K, 99% used [0x0000000080000000,0x0000000086c1d818,0x0000000086c80000)
 Metaspace       used 58164K, committed 59456K, reserved 1114112K
  class space    used 6769K, committed 7296K, reserved 1048576K
}
Event: 6.508 GC heap before
{Heap before GC invocations=80 (full 2):
 PSYoungGen      total 9216K, used 8896K [0x00000000d5580000, 0x00000000d5f80000, 0x0000000100000000)
  eden space 8192K, 100% used [0x00000000d5580000,0x00000000d5d80000,0x00000000d5d80000)
  from space 1024K, 68% used [0x00000000d5d80000,0x00000000d5e30000,0x00000000d5e80000)
  to   space 1024K, 0% used [0x00000000d5e80000,0x00000000d5e80000,0x00000000d5f80000)
 ParOldGen       total 111104K, used 110710K [0x0000000080000000, 0x0000000086c80000, 0x00000000d5580000)
  object space 111104K, 99% used [0x0000000080000000,0x0000000086c1d818,0x0000000086c80000)
 Metaspace       used 58257K, committed 59520K, reserved 1114112K
  class space    used 6772K, committed 7296K, reserved 1048576K
}
Event: 6.509 GC heap after
{Heap after GC invocations=80 (full 2):
 PSYoungGen      total 9216K, used 864K [0x00000000d5580000, 0x00000000d5f80000, 0x0000000100000000)
  eden space 8192K, 0% used [0x00000000d5580000,0x00000000d5580000,0x00000000d5d80000)
  from space 1024K, 84% used [0x00000000d5e80000,0x00000000d5f58000,0x00000000d5f80000)
  to   space 1024K, 0% used [0x00000000d5d80000,0x00000000d5d80000,0x00000000d5e80000)
 ParOldGen       total 111616K, used 111286K [0x0000000080000000, 0x0000000086d00000, 0x00000000d5580000)
  object space 111616K, 99% used [0x0000000080000000,0x0000000086cad818,0x0000000086d00000)
 Metaspace       used 58257K, committed 59520K, reserved 1114112K
  class space    used 6772K, committed 7296K, reserved 1048576K
}
Event: 6.522 GC heap before
{Heap before GC invocations=81 (full 2):
 PSYoungGen      total 9216K, used 9056K [0x00000000d5580000, 0x00000000d5f80000, 0x0000000100000000)
  eden space 8192K, 100% used [0x00000000d5580000,0x00000000d5d80000,0x00000000d5d80000)
  from space 1024K, 84% used [0x00000000d5e80000,0x00000000d5f58000,0x00000000d5f80000)
  to   space 1024K, 0% used [0x00000000d5d80000,0x00000000d5d80000,0x00000000d5e80000)
 ParOldGen       total 111616K, used 111286K [0x0000000080000000, 0x0000000086d00000, 0x00000000d5580000)
  object space 111616K, 99% used [0x0000000080000000,0x0000000086cad818,0x0000000086d00000)
 Metaspace       used 58264K, committed 59520K, reserved 1114112K
  class space    used 6772K, committed 7296K, reserved 1048576K
}
Event: 6.523 GC heap after
{Heap after GC invocations=81 (full 2):
 PSYoungGen      total 9216K, used 928K [0x00000000d5580000, 0x00000000d5f80000, 0x0000000100000000)
  eden space 8192K, 0% used [0x00000000d5580000,0x00000000d5580000,0x00000000d5d80000)
  from space 1024K, 90% used [0x00000000d5d80000,0x00000000d5e68000,0x00000000d5e80000)
  to   space 1024K, 0% used [0x00000000d5e80000,0x00000000d5e80000,0x00000000d5f80000)
 ParOldGen       total 112128K, used 111942K [0x0000000080000000, 0x0000000086d80000, 0x00000000d5580000)
  object space 112128K, 99% used [0x0000000080000000,0x0000000086d51818,0x0000000086d80000)
 Metaspace       used 58264K, committed 59520K, reserved 1114112K
  class space    used 6772K, committed 7296K, reserved 1048576K
}
Event: 6.568 GC heap before
{Heap before GC invocations=82 (full 2):
 PSYoungGen      total 9216K, used 9120K [0x00000000d5580000, 0x00000000d5f80000, 0x0000000100000000)
  eden space 8192K, 100% used [0x00000000d5580000,0x00000000d5d80000,0x00000000d5d80000)
  from space 1024K, 90% used [0x00000000d5d80000,0x00000000d5e68000,0x00000000d5e80000)
  to   space 1024K, 0% used [0x00000000d5e80000,0x00000000d5e80000,0x00000000d5f80000)
 ParOldGen       total 112128K, used 111942K [0x0000000080000000, 0x0000000086d80000, 0x00000000d5580000)
  object space 112128K, 99% used [0x0000000080000000,0x0000000086d51818,0x0000000086d80000)
 Metaspace       used 58459K, committed 59776K, reserved 1114112K
  class space    used 6790K, committed 7360K, reserved 1048576K
}
Event: 6.570 GC heap after
{Heap after GC invocations=82 (full 2):
 PSYoungGen      total 9216K, used 640K [0x00000000d5580000, 0x00000000d5f80000, 0x0000000100000000)
  eden space 8192K, 0% used [0x00000000d5580000,0x00000000d5580000,0x00000000d5d80000)
  from space 1024K, 62% used [0x00000000d5e80000,0x00000000d5f20000,0x00000000d5f80000)
  to   space 1024K, 0% used [0x00000000d5d80000,0x00000000d5d80000,0x00000000d5e80000)
 ParOldGen       total 112640K, used 112630K [0x0000000080000000, 0x0000000086e00000, 0x00000000d5580000)
  object space 112640K, 99% used [0x0000000080000000,0x0000000086dfd818,0x0000000086e00000)
 Metaspace       used 58459K, committed 59776K, reserved 1114112K
  class space    used 6790K, committed 7360K, reserved 1048576K
}
Event: 6.585 GC heap before
{Heap before GC invocations=83 (full 2):
 PSYoungGen      total 9216K, used 1790K [0x00000000d5580000, 0x00000000d5f80000, 0x0000000100000000)
  eden space 8192K, 14% used [0x00000000d5580000,0x00000000d569f840,0x00000000d5d80000)
  from space 1024K, 62% used [0x00000000d5e80000,0x00000000d5f20000,0x00000000d5f80000)
  to   space 1024K, 0% used [0x00000000d5d80000,0x00000000d5d80000,0x00000000d5e80000)
 ParOldGen       total 112640K, used 112630K [0x0000000080000000, 0x0000000086e00000, 0x00000000d5580000)
  object space 112640K, 99% used [0x0000000080000000,0x0000000086dfd818,0x0000000086e00000)
 Metaspace       used 58482K, committed 59776K, reserved 1114112K
  class space    used 6792K, committed 7360K, reserved 1048576K
}
Event: 6.586 GC heap after
{Heap after GC invocations=83 (full 2):
 PSYoungGen      total 9216K, used 288K [0x00000000d5580000, 0x00000000d5f00000, 0x0000000100000000)
  eden space 8192K, 0% used [0x00000000d5580000,0x00000000d5580000,0x00000000d5d80000)
  from space 1024K, 28% used [0x00000000d5d80000,0x00000000d5dc8000,0x00000000d5e80000)
  to   space 512K, 0% used [0x00000000d5e80000,0x00000000d5e80000,0x00000000d5f00000)
 ParOldGen       total 113152K, used 113074K [0x0000000080000000, 0x0000000086e80000, 0x00000000d5580000)
  object space 113152K, 99% used [0x0000000080000000,0x0000000086e6cb70,0x0000000086e80000)
 Metaspace       used 58482K, committed 59776K, reserved 1114112K
  class space    used 6792K, committed 7360K, reserved 1048576K
}
Event: 6.586 GC heap before
{Heap before GC invocations=84 (full 3):
 PSYoungGen      total 9216K, used 288K [0x00000000d5580000, 0x00000000d5f00000, 0x0000000100000000)
  eden space 8192K, 0% used [0x00000000d5580000,0x00000000d5580000,0x00000000d5d80000)
  from space 1024K, 28% used [0x00000000d5d80000,0x00000000d5dc8000,0x00000000d5e80000)
  to   space 512K, 0% used [0x00000000d5e80000,0x00000000d5e80000,0x00000000d5f00000)
 ParOldGen       total 113152K, used 113074K [0x0000000080000000, 0x0000000086e80000, 0x00000000d5580000)
  object space 113152K, 99% used [0x0000000080000000,0x0000000086e6cb70,0x0000000086e80000)
 Metaspace       used 58482K, committed 59776K, reserved 1114112K
  class space    used 6792K, committed 7360K, reserved 1048576K
}
Event: 6.642 GC heap after
{Heap after GC invocations=84 (full 3):
 PSYoungGen      total 9216K, used 0K [0x00000000d5580000, 0x00000000d5f00000, 0x0000000100000000)
  eden space 8192K, 0% used [0x00000000d5580000,0x00000000d5580000,0x00000000d5d80000)
  from space 1024K, 0% used [0x00000000d5d80000,0x00000000d5d80000,0x00000000d5e80000)
  to   space 512K, 0% used [0x00000000d5e80000,0x00000000d5e80000,0x00000000d5f00000)
 ParOldGen       total 113152K, used 78201K [0x0000000080000000, 0x0000000086e80000, 0x00000000d5580000)
  object space 113152K, 69% used [0x0000000080000000,0x0000000084c5e538,0x0000000086e80000)
 Metaspace       used 58482K, committed 59776K, reserved 1114112K
  class space    used 6792K, committed 7360K, reserved 1048576K
}
Event: 702.669 GC heap before
{Heap before GC invocations=85 (full 3):
 PSYoungGen      total 9216K, used 8192K [0x00000000d5580000, 0x00000000d5f00000, 0x0000000100000000)
  eden space 8192K, 100% used [0x00000000d5580000,0x00000000d5d80000,0x00000000d5d80000)
  from space 1024K, 0% used [0x00000000d5d80000,0x00000000d5d80000,0x00000000d5e80000)
  to   space 512K, 0% used [0x00000000d5e80000,0x00000000d5e80000,0x00000000d5f00000)
 ParOldGen       total 113152K, used 78201K [0x0000000080000000, 0x0000000086e80000, 0x00000000d5580000)
  object space 113152K, 69% used [0x0000000080000000,0x0000000084c5e538,0x0000000086e80000)
 Metaspace       used 58861K, committed 60224K, reserved 1114112K
  class space    used 6814K, committed 7424K, reserved 1048576K
}
Event: 702.670 GC heap after
{Heap after GC invocations=85 (full 3):
 PSYoungGen      total 8704K, used 512K [0x00000000d5580000, 0x00000000d5f80000, 0x0000000100000000)
  eden space 8192K, 0% used [0x00000000d5580000,0x00000000d5580000,0x00000000d5d80000)
  from space 512K, 100% used [0x00000000d5e80000,0x00000000d5f00000,0x00000000d5f00000)
  to   space 1024K, 0% used [0x00000000d5d80000,0x00000000d5d80000,0x00000000d5e80000)
 ParOldGen       total 113152K, used 78321K [0x0000000080000000, 0x0000000086e80000, 0x00000000d5580000)
  object space 113152K, 69% used [0x0000000080000000,0x0000000084c7c538,0x0000000086e80000)
 Metaspace       used 58861K, committed 60224K, reserved 1114112K
  class space    used 6814K, committed 7424K, reserved 1048576K
}

